<?xml version="1.0" encoding="UTF-8"?>
<!-- Generated by org.testng.reporters.JUnitXMLReporter -->
<testsuite ignored="1" hostname="NKAdmins-MacBook-Air.local" failures="2" tests="8" name="ChromeTest" time="119.894" errors="0" timestamp="2025-03-10T15:50:55 IST">
  <testcase classname="testCases.TCC_002_CreatingLeadTestCase" name="Login" time="6.282"/>
  <testcase classname="testCases.TCC_002_CreatingLeadTestCase" name="BCRMPortalRedirection" time="19.817"/>
  <testcase classname="testCases.TCC_002_CreatingLeadTestCase" name="DashboardPageValidation" time="0.347"/>
  <testcase classname="testCases.TCC_002_CreatingLeadTestCase" name="BlueticLeadCreation" time="69.01">
    <skipped/>
  </testcase> <!-- BlueticLeadCreation -->
  <testcase classname="testCases.TCC_002_CreatingLeadTestCase" name="BlueticLeadCreation" time="3.831">
    <skipped/>
  </testcase> <!-- BlueticLeadCreation -->
  <testcase classname="testCases.TCC_002_CreatingLeadTestCase" name="BlueticLeadCreation" time="3.243">
    <skipped/>
  </testcase> <!-- BlueticLeadCreation -->
  <testcase classname="testCases.TCC_002_CreatingLeadTestCase" name="BlueticLeadCreation" time="3.517">
    <failure type="java.lang.AssertionError" message="BlueticLeadCreation Failed">
      <![CDATA[java.lang.AssertionError: BlueticLeadCreation Failed
at testCases.TCC_002_CreatingLeadTestCase.BlueticLeadCreation(TCC_002_CreatingLeadTestCase.java:118)
at java.base/java.util.ArrayList.forEach(ArrayList.java:1597)
Caused by: org.openqa.selenium.ElementClickInterceptedException: element click intercepted: Element <li id="leads">...</li> is not clickable at point (127, 148). Other element would receive the click: <div class="fixed inset-0 h-full w-full bg-black-0 bg-opacity-50" id="headlessui-dialog-overlay-:r2e:" aria-hidden="true" data-headlessui-state="open"></div>
  (Session info: chrome=134.0.6998.45)
Build info: version: '4.28.1', revision: '73f5ad48a2'
System info: os.name: 'Mac OS X', os.arch: 'x86_64', os.version: '15.3.1', java.version: '23.0.1'
Driver info: org.openqa.selenium.chrome.ChromeDriver
Command: [f5517ae32a8ea3dade1fa1ca44eba221, clickElement {id=f.69FB058417864B74064824278EEB34A5.d.82C140B59248B03A6B87E65239A93CE0.e.294}]
Capabilities {acceptInsecureCerts: false, browserName: chrome, browserVersion: 134.0.6998.45, chrome: {chromedriverVersion: 134.0.6998.35 (ea6ef4c2ac15..., userDataDir: /var/folders/hq/x6yv_dg968v...}, fedcm:accounts: true, goog:chromeOptions: {debuggerAddress: localhost:64629}, networkConnectionEnabled: false, pageLoadStrategy: normal, platformName: mac, proxy: Proxy(), se:cdp: ws://localhost:64629/devtoo..., se:cdpVersion: 134.0.6998.45, setWindowRect: true, strictFileInteractability: false, timeouts: {implicit: 0, pageLoad: 300000, script: 30000}, unhandledPromptBehavior: dismiss and notify, webauthn:extension:credBlob: true, webauthn:extension:largeBlob: true, webauthn:extension:minPinLength: true, webauthn:extension:prf: true, webauthn:virtualAuthenticators: true}
Element: [[ChromeDriver: chrome on mac (f5517ae32a8ea3dade1fa1ca44eba221)] -> xpath: //ul[@class='px-6 -mx-2 space-y-1 mt-6']/li]
Session ID: f5517ae32a8ea3dade1fa1ca44eba221
at org.openqa.selenium.remote.ErrorCodec.decode(ErrorCodec.java:167)
at org.openqa.selenium.remote.codec.w3c.W3CHttpResponseCodec.decode(W3CHttpResponseCodec.java:138)
at org.openqa.selenium.remote.codec.w3c.W3CHttpResponseCodec.decode(W3CHttpResponseCodec.java:50)
at org.openqa.selenium.remote.HttpCommandExecutor.execute(HttpCommandExecutor.java:215)
at org.openqa.selenium.remote.service.DriverCommandExecutor.invokeExecute(DriverCommandExecutor.java:216)
at org.openqa.selenium.remote.service.DriverCommandExecutor.execute(DriverCommandExecutor.java:174)
at org.openqa.selenium.remote.RemoteWebDriver.execute(RemoteWebDriver.java:545)
at org.openqa.selenium.remote.RemoteWebElement.execute(RemoteWebElement.java:223)
at org.openqa.selenium.remote.RemoteWebElement.click(RemoteWebElement.java:76)
at testCases.BaseClass.SelectModule(BaseClass.java:289)
at testCases.TCC_002_CreatingLeadTestCase.BlueticLeadCreation(TCC_002_CreatingLeadTestCase.java:83)
... 26 more
... Removed 29 stack frames]]>
    </failure>
  </testcase> <!-- BlueticLeadCreation -->
  <testcase classname="testCases.TCC_002_CreatingLeadTestCase" name="BlueticLeadCreation" time="79.654">
    <failure type="java.lang.NullPointerException" message="Cannot invoke &amp;quot;org.openqa.selenium.TakesScreenshot.getScreenshotAs(org.openqa.selenium.OutputType)&amp;quot; because &amp;quot;screenshot&amp;quot; is null">
      <![CDATA[java.lang.NullPointerException: Cannot invoke "org.openqa.selenium.TakesScreenshot.getScreenshotAs(org.openqa.selenium.OutputType)" because "screenshot" is null
at testCases.MyListeners.onTestFailure(MyListeners.java:30)
at java.base/java.util.ArrayList.forEach(ArrayList.java:1597)
... Removed 24 stack frames]]>
    </failure>
  </testcase> <!-- BlueticLeadCreation -->
  <testcase classname="testCases.BaseClass" name="getDataFromExcel" time="0.0">
    <ignored/>
  </testcase> <!-- getDataFromExcel -->
</testsuite> <!-- ChromeTest -->
